This is pdfTeX, Version 3.14159265-2.6-1.40.19 (MiKTeX 2.9.6730) (preloaded format=pdflatex 2018.8.11)  19 SEP 2018 14:00
entering extended mode
**"./User manual Thutong.tex"
("User manual Thutong.tex"
LaTeX2e <2018-04-01> patch level 5

("/Users/Dalvesrocha/Library/Application Support/MiKTeX/texmfs/install/tex/late
x/base/article.cls"
Document Class: article 2014/09/29 v1.4h Standard LaTeX document class

("/Users/Dalvesrocha/Library/Application Support/MiKTeX/texmfs/install/tex/late
x/base/size10.clo"
File: size10.clo 2014/09/29 v1.4h Standard LaTeX file (size option)
)
\c@part=\count80
\c@section=\count81
\c@subsection=\count82
\c@subsubsection=\count83
\c@paragraph=\count84
\c@subparagraph=\count85
\c@figure=\count86
\c@table=\count87
\abovecaptionskip=\skip41
\belowcaptionskip=\skip42
\bibindent=\dimen102
)
("/Users/Dalvesrocha/Library/Application Support/MiKTeX/texmfs/install/tex/late
x/graphics/graphicx.sty"
Package: graphicx 2017/06/01 v1.1a Enhanced LaTeX Graphics (DPC,SPQR)

("/Users/Dalvesrocha/Library/Application Support/MiKTeX/texmfs/install/tex/late
x/graphics/keyval.sty"
Package: keyval 2014/10/28 v1.15 key=value parser (DPC)
\KV@toks@=\toks14
)
("/Users/Dalvesrocha/Library/Application Support/MiKTeX/texmfs/install/tex/late
x/graphics/graphics.sty"
Package: graphics 2017/06/25 v1.2c Standard LaTeX Graphics (DPC,SPQR)

("/Users/Dalvesrocha/Library/Application Support/MiKTeX/texmfs/install/tex/late
x/graphics/trig.sty"
Package: trig 2016/01/03 v1.10 sin cos tan (DPC)
)
("/Users/Dalvesrocha/Library/Application Support/MiKTeX/texmfs/install/tex/late
x/graphics-cfg/graphics.cfg"
File: graphics.cfg 2016/06/04 v1.11 sample graphics configuration
)
Package graphics Info: Driver file: pdftex.def on input line 99.

("/Users/Dalvesrocha/Library/Application Support/MiKTeX/texmfs/install/tex/late
x/graphics-def/pdftex.def"
File: pdftex.def 2018/01/08 v1.0l Graphics/color driver for pdftex
))
\Gin@req@height=\dimen103
\Gin@req@width=\dimen104
)
("/Users/Dalvesrocha/Library/Application Support/MiKTeX/texmfs/install/tex/gene
ric/babel/babel.sty"
Package: babel 2018/06/05 3.22 The Babel package

("/Users/Dalvesrocha/Library/Application Support/MiKTeX/texmfs/install/tex/gene
ric/babel/switch.def"
File: switch.def 2018/06/05 3.22 Babel switching mechanism
)
*************************************
* Local config file bblopts.cfg used
*

("/Users/Dalvesrocha/Library/Application Support/MiKTeX/texmfs/install/tex/late
x/arabi/bblopts.cfg"
File: bblopts.cfg 2005/09/08 v0.1 add Arabic and Farsi to "declared" options of
 babel
)
("/Users/Dalvesrocha/Library/Application Support/MiKTeX/texmfs/install/tex/late
x/babel-english/english.ldf"
Language: english 2017/06/06 v3.3r English support from the babel system

("/Users/Dalvesrocha/Library/Application Support/MiKTeX/texmfs/install/tex/gene
ric/babel/babel.def"
File: babel.def 2018/06/05 3.22 Babel common definitions
\babel@savecnt=\count88
\U@D=\dimen105

("/Users/Dalvesrocha/Library/Application Support/MiKTeX/texmfs/install/tex/gene
ric/babel/txtbabel.def")
\bbl@dirlevel=\count89
)
\l@british = a dialect from \language\l@english 
\l@UKenglish = a dialect from \language\l@english 
\l@american = a dialect from \language\l@english 
\l@canadian = a dialect from \language\l@american 
\l@australian = a dialect from \language\l@british 
\l@newzealand = a dialect from \language\l@british 
))
("/Users/Dalvesrocha/Library/Application Support/MiKTeX/texmfs/install/tex/late
x/base/textcomp.sty"
Package: textcomp 2017/04/05 v2.0i Standard LaTeX package
Package textcomp Info: Sub-encoding information:
(textcomp)               5 = only ISO-Adobe without \textcurrency
(textcomp)               4 = 5 + \texteuro
(textcomp)               3 = 4 + \textohm
(textcomp)               2 = 3 + \textestimated + \textcurrency
(textcomp)               1 = TS1 - \textcircled - \t
(textcomp)               0 = TS1 (full)
(textcomp)             Font families with sub-encoding setting implement
(textcomp)             only a restricted character set as indicated.
(textcomp)             Family '?' is the default used for unknown fonts.
(textcomp)             See the documentation for details.
Package textcomp Info: Setting ? sub-encoding to TS1/1 on input line 79.

("/Users/Dalvesrocha/Library/Application Support/MiKTeX/texmfs/install/tex/late
x/base/ts1enc.def"
File: ts1enc.def 2001/06/05 v3.0e (jk/car/fm) Standard LaTeX file
Now handling font encoding TS1 ...
... processing UTF-8 mapping file for font encoding TS1

("/Users/Dalvesrocha/Library/Application Support/MiKTeX/texmfs/install/tex/late
x/base/ts1enc.dfu"
File: ts1enc.dfu 2018/04/05 v1.2c UTF-8 support for inputenc
   defining Unicode char U+00A2 (decimal 162)
   defining Unicode char U+00A3 (decimal 163)
   defining Unicode char U+00A4 (decimal 164)
   defining Unicode char U+00A5 (decimal 165)
   defining Unicode char U+00A6 (decimal 166)
   defining Unicode char U+00A7 (decimal 167)
   defining Unicode char U+00A8 (decimal 168)
   defining Unicode char U+00A9 (decimal 169)
   defining Unicode char U+00AA (decimal 170)
   defining Unicode char U+00AC (decimal 172)
   defining Unicode char U+00AE (decimal 174)
   defining Unicode char U+00AF (decimal 175)
   defining Unicode char U+00B0 (decimal 176)
   defining Unicode char U+00B1 (decimal 177)
   defining Unicode char U+00B2 (decimal 178)
   defining Unicode char U+00B3 (decimal 179)
   defining Unicode char U+00B4 (decimal 180)
   defining Unicode char U+00B5 (decimal 181)
   defining Unicode char U+00B6 (decimal 182)
   defining Unicode char U+00B7 (decimal 183)
   defining Unicode char U+00B9 (decimal 185)
   defining Unicode char U+00BA (decimal 186)
   defining Unicode char U+00BC (decimal 188)
   defining Unicode char U+00BD (decimal 189)
   defining Unicode char U+00BE (decimal 190)
   defining Unicode char U+00D7 (decimal 215)
   defining Unicode char U+00F7 (decimal 247)
   defining Unicode char U+0192 (decimal 402)
   defining Unicode char U+02C7 (decimal 711)
   defining Unicode char U+02D8 (decimal 728)
   defining Unicode char U+02DD (decimal 733)
   defining Unicode char U+0E3F (decimal 3647)
   defining Unicode char U+2016 (decimal 8214)
   defining Unicode char U+2020 (decimal 8224)
   defining Unicode char U+2021 (decimal 8225)
   defining Unicode char U+2022 (decimal 8226)
   defining Unicode char U+2030 (decimal 8240)
   defining Unicode char U+2031 (decimal 8241)
   defining Unicode char U+203B (decimal 8251)
   defining Unicode char U+203D (decimal 8253)
   defining Unicode char U+2044 (decimal 8260)
   defining Unicode char U+204E (decimal 8270)
   defining Unicode char U+2052 (decimal 8274)
   defining Unicode char U+20A1 (decimal 8353)
   defining Unicode char U+20A4 (decimal 8356)
   defining Unicode char U+20A6 (decimal 8358)
   defining Unicode char U+20A9 (decimal 8361)
   defining Unicode char U+20AB (decimal 8363)
   defining Unicode char U+20AC (decimal 8364)
   defining Unicode char U+20B1 (decimal 8369)
   defining Unicode char U+2103 (decimal 8451)
   defining Unicode char U+2116 (decimal 8470)
   defining Unicode char U+2117 (decimal 8471)
   defining Unicode char U+211E (decimal 8478)
   defining Unicode char U+2120 (decimal 8480)
   defining Unicode char U+2122 (decimal 8482)
   defining Unicode char U+2126 (decimal 8486)
   defining Unicode char U+2127 (decimal 8487)
   defining Unicode char U+212E (decimal 8494)
   defining Unicode char U+2190 (decimal 8592)
   defining Unicode char U+2191 (decimal 8593)
   defining Unicode char U+2192 (decimal 8594)
   defining Unicode char U+2193 (decimal 8595)
   defining Unicode char U+2329 (decimal 9001)
   defining Unicode char U+232A (decimal 9002)
   defining Unicode char U+2422 (decimal 9250)
   defining Unicode char U+25E6 (decimal 9702)
   defining Unicode char U+25EF (decimal 9711)
   defining Unicode char U+266A (decimal 9834)
   defining Unicode char U+FEFF (decimal 65279)
))
LaTeX Info: Redefining \oldstylenums on input line 334.
Package textcomp Info: Setting cmr sub-encoding to TS1/0 on input line 349.
Package textcomp Info: Setting cmss sub-encoding to TS1/0 on input line 350.
Package textcomp Info: Setting cmtt sub-encoding to TS1/0 on input line 351.
Package textcomp Info: Setting cmvtt sub-encoding to TS1/0 on input line 352.
Package textcomp Info: Setting cmbr sub-encoding to TS1/0 on input line 353.
Package textcomp Info: Setting cmtl sub-encoding to TS1/0 on input line 354.
Package textcomp Info: Setting ccr sub-encoding to TS1/0 on input line 355.
Package textcomp Info: Setting ptm sub-encoding to TS1/4 on input line 356.
Package textcomp Info: Setting pcr sub-encoding to TS1/4 on input line 357.
Package textcomp Info: Setting phv sub-encoding to TS1/4 on input line 358.
Package textcomp Info: Setting ppl sub-encoding to TS1/3 on input line 359.
Package textcomp Info: Setting pag sub-encoding to TS1/4 on input line 360.
Package textcomp Info: Setting pbk sub-encoding to TS1/4 on input line 361.
Package textcomp Info: Setting pnc sub-encoding to TS1/4 on input line 362.
Package textcomp Info: Setting pzc sub-encoding to TS1/4 on input line 363.
Package textcomp Info: Setting bch sub-encoding to TS1/4 on input line 364.
Package textcomp Info: Setting put sub-encoding to TS1/5 on input line 365.
Package textcomp Info: Setting uag sub-encoding to TS1/5 on input line 366.
Package textcomp Info: Setting ugq sub-encoding to TS1/5 on input line 367.
Package textcomp Info: Setting ul8 sub-encoding to TS1/4 on input line 368.
Package textcomp Info: Setting ul9 sub-encoding to TS1/4 on input line 369.
Package textcomp Info: Setting augie sub-encoding to TS1/5 on input line 370.
Package textcomp Info: Setting dayrom sub-encoding to TS1/3 on input line 371.
Package textcomp Info: Setting dayroms sub-encoding to TS1/3 on input line 372.

Package textcomp Info: Setting pxr sub-encoding to TS1/0 on input line 373.
Package textcomp Info: Setting pxss sub-encoding to TS1/0 on input line 374.
Package textcomp Info: Setting pxtt sub-encoding to TS1/0 on input line 375.
Package textcomp Info: Setting txr sub-encoding to TS1/0 on input line 376.
Package textcomp Info: Setting txss sub-encoding to TS1/0 on input line 377.
Package textcomp Info: Setting txtt sub-encoding to TS1/0 on input line 378.
Package textcomp Info: Setting lmr sub-encoding to TS1/0 on input line 379.
Package textcomp Info: Setting lmdh sub-encoding to TS1/0 on input line 380.
Package textcomp Info: Setting lmss sub-encoding to TS1/0 on input line 381.
Package textcomp Info: Setting lmssq sub-encoding to TS1/0 on input line 382.
Package textcomp Info: Setting lmvtt sub-encoding to TS1/0 on input line 383.
Package textcomp Info: Setting lmtt sub-encoding to TS1/0 on input line 384.
Package textcomp Info: Setting qhv sub-encoding to TS1/0 on input line 385.
Package textcomp Info: Setting qag sub-encoding to TS1/0 on input line 386.
Package textcomp Info: Setting qbk sub-encoding to TS1/0 on input line 387.
Package textcomp Info: Setting qcr sub-encoding to TS1/0 on input line 388.
Package textcomp Info: Setting qcs sub-encoding to TS1/0 on input line 389.
Package textcomp Info: Setting qpl sub-encoding to TS1/0 on input line 390.
Package textcomp Info: Setting qtm sub-encoding to TS1/0 on input line 391.
Package textcomp Info: Setting qzc sub-encoding to TS1/0 on input line 392.
Package textcomp Info: Setting qhvc sub-encoding to TS1/0 on input line 393.
Package textcomp Info: Setting futs sub-encoding to TS1/4 on input line 394.
Package textcomp Info: Setting futx sub-encoding to TS1/4 on input line 395.
Package textcomp Info: Setting futj sub-encoding to TS1/4 on input line 396.
Package textcomp Info: Setting hlh sub-encoding to TS1/3 on input line 397.
Package textcomp Info: Setting hls sub-encoding to TS1/3 on input line 398.
Package textcomp Info: Setting hlst sub-encoding to TS1/3 on input line 399.
Package textcomp Info: Setting hlct sub-encoding to TS1/5 on input line 400.
Package textcomp Info: Setting hlx sub-encoding to TS1/5 on input line 401.
Package textcomp Info: Setting hlce sub-encoding to TS1/5 on input line 402.
Package textcomp Info: Setting hlcn sub-encoding to TS1/5 on input line 403.
Package textcomp Info: Setting hlcw sub-encoding to TS1/5 on input line 404.
Package textcomp Info: Setting hlcf sub-encoding to TS1/5 on input line 405.
Package textcomp Info: Setting pplx sub-encoding to TS1/3 on input line 406.
Package textcomp Info: Setting pplj sub-encoding to TS1/3 on input line 407.
Package textcomp Info: Setting ptmx sub-encoding to TS1/4 on input line 408.
Package textcomp Info: Setting ptmj sub-encoding to TS1/4 on input line 409.
) ("User manual Thutong.aux")
\openout1 = `"User manual Thutong.aux"'.

LaTeX Font Info:    Checking defaults for OML/cmm/m/it on input line 11.
LaTeX Font Info:    ... okay on input line 11.
LaTeX Font Info:    Checking defaults for T1/cmr/m/n on input line 11.
LaTeX Font Info:    ... okay on input line 11.
LaTeX Font Info:    Checking defaults for OT1/cmr/m/n on input line 11.
LaTeX Font Info:    ... okay on input line 11.
LaTeX Font Info:    Checking defaults for OMS/cmsy/m/n on input line 11.
LaTeX Font Info:    ... okay on input line 11.
LaTeX Font Info:    Checking defaults for OMX/cmex/m/n on input line 11.
LaTeX Font Info:    ... okay on input line 11.
LaTeX Font Info:    Checking defaults for U/cmr/m/n on input line 11.
LaTeX Font Info:    ... okay on input line 11.
LaTeX Font Info:    Checking defaults for TS1/cmr/m/n on input line 11.
LaTeX Font Info:    Try loading font information for TS1+cmr on input line 11.

("/Users/Dalvesrocha/Library/Application Support/MiKTeX/texmfs/install/tex/late
x/base/ts1cmr.fd"
File: ts1cmr.fd 2014/09/29 v2.5h Standard LaTeX font definitions
)
LaTeX Font Info:    ... okay on input line 11.

("/Users/Dalvesrocha/Library/Application Support/MiKTeX/texmfs/install/tex/cont
ext/base/supp-pdf.mkii"
[Loading MPS to PDF converter (version 2006.09.02).]
\scratchcounter=\count90
\scratchdimen=\dimen106
\scratchbox=\box26
\nofMPsegments=\count91
\nofMParguments=\count92
\everyMPshowfont=\toks15
\MPscratchCnt=\count93
\MPscratchDim=\dimen107
\MPnumerator=\count94
\makeMPintoPDFobject=\count95
\everyMPtoPDFconversion=\toks16
)
("/Users/Dalvesrocha/Library/Application Support/MiKTeX/texmfs/install/tex/late
x/oberdiek/epstopdf-base.sty"
Package: epstopdf-base 2016/05/15 v2.6 Base part for package epstopdf

("/Users/Dalvesrocha/Library/Application Support/MiKTeX/texmfs/install/tex/gene
ric/oberdiek/infwarerr.sty"
Package: infwarerr 2016/05/16 v1.4 Providing info/warning/error messages (HO)
)
("/Users/Dalvesrocha/Library/Application Support/MiKTeX/texmfs/install/tex/late
x/oberdiek/grfext.sty"
Package: grfext 2016/05/16 v1.2 Manage graphics extensions (HO)

("/Users/Dalvesrocha/Library/Application Support/MiKTeX/texmfs/install/tex/gene
ric/oberdiek/kvdefinekeys.sty"
Package: kvdefinekeys 2016/05/16 v1.4 Define keys (HO)

("/Users/Dalvesrocha/Library/Application Support/MiKTeX/texmfs/install/tex/gene
ric/oberdiek/ltxcmds.sty"
Package: ltxcmds 2016/05/16 v1.23 LaTeX kernel commands for general use (HO)
)))
("/Users/Dalvesrocha/Library/Application Support/MiKTeX/texmfs/install/tex/late
x/oberdiek/kvoptions.sty"
Package: kvoptions 2016/05/16 v3.12 Key value format for package options (HO)

("/Users/Dalvesrocha/Library/Application Support/MiKTeX/texmfs/install/tex/gene
ric/oberdiek/kvsetkeys.sty"
Package: kvsetkeys 2016/05/16 v1.17 Key value parser (HO)

("/Users/Dalvesrocha/Library/Application Support/MiKTeX/texmfs/install/tex/gene
ric/oberdiek/etexcmds.sty"
Package: etexcmds 2016/05/16 v1.6 Avoid name clashes with e-TeX commands (HO)

("/Users/Dalvesrocha/Library/Application Support/MiKTeX/texmfs/install/tex/gene
ric/oberdiek/ifluatex.sty"
Package: ifluatex 2016/05/16 v1.4 Provides the ifluatex switch (HO)
Package ifluatex Info: LuaTeX not detected.
)
Package etexcmds Info: Could not find \expanded.
(etexcmds)             That can mean that you are not using pdfTeX 1.50 or
(etexcmds)             that some package has redefined \expanded.
(etexcmds)             In the latter case, load this package earlier.
)))
("/Users/Dalvesrocha/Library/Application Support/MiKTeX/texmfs/install/tex/gene
ric/oberdiek/pdftexcmds.sty"
Package: pdftexcmds 2018/01/30 v0.27 Utility functions of pdfTeX for LuaTeX (HO
)

("/Users/Dalvesrocha/Library/Application Support/MiKTeX/texmfs/install/tex/gene
ric/oberdiek/ifpdf.sty"
Package: ifpdf 2017/03/15 v3.2 Provides the ifpdf switch
)
Package pdftexcmds Info: LuaTeX not detected.
Package pdftexcmds Info: \pdf@primitive is available.
Package pdftexcmds Info: \pdf@ifprimitive is available.
Package pdftexcmds Info: \pdfdraftmode found.
)
Package epstopdf-base Info: Redefining graphics rule for `.eps' on input line 4
38.
Package grfext Info: Graphics extension search list:
(grfext)             [.pdf,.png,.jpg,.mps,.jpeg,.jbig2,.jb2,.PDF,.PNG,.JPG,.JPE
G,.JBIG2,.JB2,.eps]
(grfext)             \AppendGraphicsExtensions on input line 456.
)
<Pictures/ThutongLogo.png, id=1, 517.935pt x 159.59625pt>
File: Pictures/ThutongLogo.png Graphic file (type png)
<use Pictures/ThutongLogo.png>
Package pdftex.def Info: Pictures/ThutongLogo.png  used on input line 15.
(pdftex.def)             Requested size: 345.0pt x 106.3128pt.

Underfull \hbox (badness 10000) in paragraph at lines 18--19

 []


Underfull \hbox (badness 10000) in paragraph at lines 18--19

 []

[1

{/Users/Dalvesrocha/Library/Application Support/MiKTeX/texmfs/data/pdftex/confi
g/pdftex.map} <./Pictures/ThutongLogo.png>] ("User manual Thutong.toc"
LaTeX Font Info:    External font `cmex10' loaded for size
(Font)              <7> on input line 4.
LaTeX Font Info:    External font `cmex10' loaded for size
(Font)              <5> on input line 4.

Overfull \hbox (3.38889pt too wide) detected at line 20
 \OT1/cmr/m/n/10 VIII
 []


Overfull \hbox (3.38889pt too wide) detected at line 21
 \OT1/cmr/m/n/10 VIII
 []


Overfull \hbox (3.38889pt too wide) detected at line 33
 \OT1/cmr/m/n/10 XIII
 []

)
\tf@toc=\write3
\openout3 = `"User manual Thutong.toc"'.

 [1]
Underfull \hbox (badness 10000) in paragraph at lines 42--43

 []


Underfull \hbox (badness 10000) in paragraph at lines 48--50

 []


Underfull \hbox (badness 10000) in paragraph at lines 55--57

 []

[2]
Underfull \hbox (badness 10000) in paragraph at lines 73--75

 []


Underfull \hbox (badness 10000) in paragraph at lines 90--98

 []


Underfull \hbox (badness 10000) in paragraph at lines 90--98

 []


Overfull \hbox (3.47273pt too wide) in paragraph at lines 90--98
\OT1/cmr/m/n/10 Manage content/online classes/ as well as answer Facebook queri
es and questions.
 []


Underfull \hbox (badness 10000) in paragraph at lines 90--98

 []


Underfull \hbox (badness 10000) in paragraph at lines 90--98

 []


Overfull \hbox (16.58392pt too wide) in paragraph at lines 90--98
\OT1/cmr/m/n/10 The decision to make a course or activity available to all user
s is at the Administrator
 []

[3]
<Pictures/1.jpeg, id=22, 2027.575pt x 931.48pt>
File: Pictures/1.jpeg Graphic file (type jpg)
<use Pictures/1.jpeg>
Package pdftex.def Info: Pictures/1.jpeg  used on input line 104.
(pdftex.def)             Requested size: 345.0pt x 158.49164pt.

Underfull \hbox (badness 10000) in paragraph at lines 104--107

 []


Underfull \hbox (badness 10000) in paragraph at lines 104--107

 []


Underfull \hbox (badness 10000) in paragraph at lines 104--107

 []

<Pictures/22.jpeg, id=23, 815.045pt x 827.09pt>
File: Pictures/22.jpeg Graphic file (type jpg)
<use Pictures/22.jpeg>
Package pdftex.def Info: Pictures/22.jpeg  used on input line 109.
(pdftex.def)             Requested size: 276.00105pt x 280.08366pt.

Underfull \hbox (badness 10000) in paragraph at lines 109--112

 []


Underfull \hbox (badness 10000) in paragraph at lines 109--112

 []


Underfull \hbox (badness 10000) in paragraph at lines 109--112

 []

[4 <./Pictures/1.jpeg>]
<Pictures/21.jpeg, id=27, 1913.1475pt x 1136.245pt>
File: Pictures/21.jpeg Graphic file (type jpg)
<use Pictures/21.jpeg>
Package pdftex.def Info: Pictures/21.jpeg  used on input line 114.
(pdftex.def)             Requested size: 276.00105pt x 163.91042pt.

Underfull \hbox (badness 10000) in paragraph at lines 114--117

 []

[5 <./Pictures/22.jpeg>]
Underfull \hbox (badness 10000) in paragraph at lines 119--121

 []

<Pictures/11.jpeg, id=31, 475.7775pt x 650.43pt>
File: Pictures/11.jpeg Graphic file (type jpg)
<use Pictures/11.jpeg>
Package pdftex.def Info: Pictures/11.jpeg  used on input line 128.
(pdftex.def)             Requested size: 68.99895pt x 94.32481pt.

Underfull \hbox (badness 10000) in paragraph at lines 128--134

 []


Underfull \hbox (badness 10000) in paragraph at lines 128--134

 []

[6 <./Pictures/21.jpeg>]
<Pictures/12.png, id=36, 1210.5225pt x 828.09375pt>
File: Pictures/12.png Graphic file (type png)
<use Pictures/12.png>
Package pdftex.def Info: Pictures/12.png  used on input line 137.
(pdftex.def)             Requested size: 207.0021pt x 141.59538pt.

Underfull \hbox (badness 10000) in paragraph at lines 137--141

 []


Overfull \hbox (24.83394pt too wide) in paragraph at lines 137--141
\OT1/cmr/m/n/10 Students can see and access subjects by grades, while only Expe
rts and Administration
 []


Underfull \hbox (badness 10000) in paragraph at lines 148--153

 []

[7 <./Pictures/11.jpeg> <./Pictures/12.png>]
<Pictures/13.jpeg, id=41, 1023.825pt x 783.92876pt>
File: Pictures/13.jpeg Graphic file (type jpg)
<use Pictures/13.jpeg>
Package pdftex.def Info: Pictures/13.jpeg  used on input line 155.
(pdftex.def)             Requested size: 345.0pt x 264.16382pt.

Underfull \hbox (badness 10000) in paragraph at lines 155--158

 []

<Pictures/24.jpeg, id=42, 1254.6875pt x 1172.38pt>
File: Pictures/24.jpeg Graphic file (type jpg)
<use Pictures/24.jpeg>
Package pdftex.def Info: Pictures/24.jpeg  used on input line 160.
(pdftex.def)             Requested size: 207.0021pt x 193.41646pt.

Underfull \hbox (badness 10000) in paragraph at lines 160--164

 []


Underfull \hbox (badness 10000) in paragraph at lines 160--164

 []


Underfull \hbox (badness 10000) in paragraph at lines 160--164

 []


Underfull \hbox (badness 10000) in paragraph at lines 160--164

 []

[8 <./Pictures/13.jpeg>] [9 <./Pictures/24.jpeg>]
Underfull \hbox (badness 10000) in paragraph at lines 180--188

 []

<Pictures/2.jpeg, id=49, 880.28876pt x 415.5525pt>
File: Pictures/2.jpeg Graphic file (type jpg)
<use Pictures/2.jpeg>
Package pdftex.def Info: Pictures/2.jpeg  used on input line 197.
(pdftex.def)             Requested size: 345.0pt x 162.85742pt.

Underfull \hbox (badness 10000) in paragraph at lines 197--199

 []


Underfull \hbox (badness 10000) in paragraph at lines 197--199

 []

[10]
Overfull \hbox (0.41734pt too wide) in paragraph at lines 201--204
\OT1/cmr/m/n/10 Students may ask questions on the Thutong Facebook pages and ge
t any updated
 []


Underfull \hbox (badness 10000) in paragraph at lines 207--214

 []


Underfull \hbox (badness 10000) in paragraph at lines 207--214

 []


Underfull \hbox (badness 10000) in paragraph at lines 207--214

 []

[11 <./Pictures/2.jpeg>]
Underfull \hbox (badness 10000) in paragraph at lines 218--227

 []


Underfull \hbox (badness 10000) in paragraph at lines 218--227

 []


Underfull \hbox (badness 10000) in paragraph at lines 218--227

 []


Underfull \hbox (badness 10000) in paragraph at lines 218--227

 []


Underfull \hbox (badness 10000) in paragraph at lines 218--227

 []


Underfull \hbox (badness 10000) in paragraph at lines 218--227

 []


Underfull \hbox (badness 10000) in paragraph at lines 218--227

 []


Underfull \hbox (badness 10000) in paragraph at lines 218--227

 []


Underfull \hbox (badness 10000) in paragraph at lines 218--227

 []


Underfull \hbox (badness 10000) in paragraph at lines 218--227

 []

<Pictures/3.jpeg, id=56, 1012.78375pt x 643.40375pt>
File: Pictures/3.jpeg Graphic file (type jpg)
<use Pictures/3.jpeg>
Package pdftex.def Info: Pictures/3.jpeg  used on input line 230.
(pdftex.def)             Requested size: 345.0pt x 219.16672pt.

Underfull \hbox (badness 10000) in paragraph at lines 230--235

 []


Underfull \hbox (badness 10000) in paragraph at lines 230--235

 []


Underfull \hbox (badness 10000) in paragraph at lines 230--235

 []

[12]
<Pictures/14.jpeg, id=61, 781.92125pt x 698.61pt>
File: Pictures/14.jpeg Graphic file (type jpg)
<use Pictures/14.jpeg>
Package pdftex.def Info: Pictures/14.jpeg  used on input line 237.
(pdftex.def)             Requested size: 345.0pt x 308.24214pt.

Overfull \hbox (15.0pt too wide) in paragraph at lines 237--241
[][] 
 []


Underfull \hbox (badness 10000) in paragraph at lines 237--241

 []


Underfull \hbox (badness 10000) in paragraph at lines 237--241

 []


Underfull \hbox (badness 10000) in paragraph at lines 237--241

 []

[13 <./Pictures/3.jpeg>]
Underfull \hbox (badness 10000) in paragraph at lines 245--248

 []


Overfull \hbox (33.27856pt too wide) in paragraph at lines 245--248
\OT1/cmr/m/n/10 resolved just contact the Admin or Education expert at ThutongL
earning11@gmail.com. 
 []


Underfull \hbox (badness 10000) in paragraph at lines 245--248

 []

[14 <./Pictures/14.jpeg>]
Underfull \hbox (badness 10000) in paragraph at lines 249--250

 []


Underfull \hbox (badness 10000) in paragraph at lines 249--250

 []


Underfull \hbox (badness 10000) in paragraph at lines 249--250

 []


Underfull \hbox (badness 10000) in paragraph at lines 249--250

 []


Underfull \hbox (badness 10000) in paragraph at lines 249--250

 []


Underfull \hbox (badness 10000) in paragraph at lines 249--250

 []


Underfull \hbox (badness 10000) in paragraph at lines 249--250

 []


Underfull \hbox (badness 10000) in paragraph at lines 249--250

 []


Underfull \hbox (badness 10000) in paragraph at lines 249--250

 []

[15] ("User manual Thutong.aux") ) 
Here is how much of TeX's memory you used:
 2521 strings out of 494891
 38931 string characters out of 3176625
 99671 words of memory out of 3000000
 6118 multiletter control sequences out of 15000+200000
 5493 words of font info for 20 fonts, out of 3000000 for 9000
 0 hyphenation exceptions out of 8191
 41i,5n,25p,1064b,214s stack positions out of 5000i,500n,10000p,200000b,50000s
 </Users/Dalvesrocha/Library/Application Supp
ort/MiKTeX/texmfs/data/fonts/pk/ljfour/public/cm/dpi600/cmbx12.pk> </Users/Dalv
esrocha/Library/Application Support/MiKTeX/texmfs/data/fonts/pk/ljfour/public/c
m/dpi600/cmbx10.pk> </Users/Dalvesrocha/Library/Application Support/MiKTeX/texm
fs/data/fonts/pk/ljfour/public/cm/dpi720/cmbx12.pk> </Users/Dalvesrocha/Library
/Application Support/MiKTeX/texmfs/data/fonts/pk/ljfour/jknappen/ec/dpi600/tcrm
1000.pk> </Users/Dalvesrocha/Library/Application Support/MiKTeX/texmfs/data/fon
ts/pk/ljfour/public/cm/dpi600/cmr10.pk>
Output written on "User manual Thutong.pdf" (16 pages, 1661740 bytes).
PDF statistics:
 283 PDF objects out of 1000 (max. 8388607)
 0 named destinations out of 1000 (max. 500000)
 56 words of extra memory for PDF output out of 10000 (max. 10000000)

